<?xml version="1.0" encoding="UTF-8"?>
<testsuite name="com.townyblueprints.models.PlacedBlueprintTest" tests="4" skipped="0" failures="0" errors="0" timestamp="2025-04-04T03:58:08" hostname="DESKTOP-ANDECHL" time="1.599">
  <properties/>
  <testcase name="testLastCollectionTime()" classname="com.townyblueprints.models.PlacedBlueprintTest" time="1.573"/>
  <testcase name="testPlacedBlueprintCreation()" classname="com.townyblueprints.models.PlacedBlueprintTest" time="0.006"/>
  <testcase name="testUpkeepStatus()" classname="com.townyblueprints.models.PlacedBlueprintTest" time="0.003"/>
  <testcase name="testActivationState()" classname="com.townyblueprints.models.PlacedBlueprintTest" time="0.005"/>
  <system-out><![CDATA[]]></system-out>
  <system-err><![CDATA[WARNING: A Java agent has been loaded dynamically (C:\Users\rockf\.gradle\caches\modules-2\files-2.1\net.bytebuddy\byte-buddy-agent\1.14.4\3bf5ac1104554908cc623e40e58a00be37c35f36\byte-buddy-agent-1.14.4.jar)
WARNING: If a serviceability tool is in use, please run with -XX:+EnableDynamicAgentLoading to hide this warning
WARNING: If a serviceability tool is not in use, please run with -Djdk.instrument.traceUsage for more information
WARNING: Dynamic loading of agents will be disallowed by default in a future release
]]></system-err>
</testsuite>
