<?xml version="1.0" encoding="UTF-8"?>
<testsuite name="com.townyblueprints.models.BlueprintTest" tests="8" skipped="0" failures="0" errors="0" timestamp="2025-04-04T03:58:07" hostname="DESKTOP-ANDECHL" time="0.484">
  <properties/>
  <testcase name="testRequiresBlock()" classname="com.townyblueprints.models.BlueprintTest" time="0.47"/>
  <testcase name="testRemoveRequiredBlock()" classname="com.townyblueprints.models.BlueprintTest" time="0.002"/>
  <testcase name="testBlueprintProperties()" classname="com.townyblueprints.models.BlueprintTest" time="0.001"/>
  <testcase name="testAddRequiredBlock()" classname="com.townyblueprints.models.BlueprintTest" time="0.001"/>
  <testcase name="testBlueprintCreation()" classname="com.townyblueprints.models.BlueprintTest" time="0.001"/>
  <testcase name="testRequiredBlocks()" classname="com.townyblueprints.models.BlueprintTest" time="0.0"/>
  <testcase name="testGetRequiredBlockAmount()" classname="com.townyblueprints.models.BlueprintTest" time="0.0"/>
  <testcase name="testPermissionNode()" classname="com.townyblueprints.models.BlueprintTest" time="0.001"/>
  <system-out><![CDATA[]]></system-out>
  <system-err><![CDATA[]]></system-err>
</testsuite>
